<?xml version="1.0" encoding="UTF-8"?>
<testsuite xmlns:xsi="http://www.w3.org/2001/XMLSchema-instance" xsi:noNamespaceSchemaLocation="https://maven.apache.org/surefire/maven-surefire-plugin/xsd/surefire-test-report.xsd" version="3.0.2" name="org.noLazy.common.domain.ResultTest" time="0.213" tests="5" errors="0" skipped="0" failures="0">
  <properties>
[...]
</properties>
  <testcase name="shouldReturnSuccessWithoutData" classname="org.noLazy.common.domain.ResultTest" time="0.091"/>
  <testcase name="shouldReturnSuccessWithData" classname="org.noLazy.common.domain.ResultTest" time="0.005"/>
  <testcase name="shouldReturnErrorFromCommonException" classname="org.noLazy.common.domain.ResultTest" time="0.02"/>
  <testcase name="shouldReturnSuccessWithMessageAndData" classname="org.noLazy.common.domain.ResultTest" time="0.005"/>
  <testcase name="shouldReturnErrorWithCodeAndMessage" classname="org.noLazy.common.domain.ResultTest" time="0.004"/>
</testsuite>