<?xml version="1.0" encoding="UTF-8"?>
<testsuite xmlns:xsi="http://www.w3.org/2001/XMLSchema-instance" xsi:noNamespaceSchemaLocation="https://maven.apache.org/surefire/maven-surefire-plugin/xsd/surefire-test-report.xsd" version="3.0.2" name="org.noLazy.common.enums.ErrorCodeTest" time="0.028" tests="3" errors="0" skipped="0" failures="0">
  <properties>
[...]
</properties>
  <testcase name="shouldMapToCorrectHttpStatus" classname="org.noLazy.common.enums.ErrorCodeTest" time="0.002"/>
  <testcase name="allErrorCodesShouldHaveMessage" classname="org.noLazy.common.enums.ErrorCodeTest" time="0.018"/>
  <testcase name="shouldHaveCorrectCodeForEachError" classname="org.noLazy.common.enums.ErrorCodeTest" time="0.002"/>
</testsuite>